#
# A fatal error has been detected by the Java Runtime Environment:
#
#  EXCEPTION_ACCESS_VIOLATION (0xc0000005) at pc=0x00000001800038b0, pid=10184, tid=0x00000000000060dc
#
# JRE version: Java(TM) SE Runtime Environment (8.0_102-b14) (build 1.8.0_102-b14)
# Java VM: Java HotSpot(TM) 64-Bit Server VM (25.102-b14 mixed mode windows-amd64 compressed oops)
# Problematic frame:
# C  0x00000001800038b0
#
# Failed to write core dump. Minidumps are not enabled by default on client versions of Windows
#
# If you would like to submit a bug report, please visit:
#   http://bugreport.java.com/bugreport/crash.jsp
# The crash happened outside the Java Virtual Machine in native code.
# See problematic frame for where to report the bug.
#

---------------  T H R E A D  ---------------

Current thread (0x000000001c7cc800):  JavaThread "http-nio-8088-exec-4" daemon [_thread_in_native, id=24796, stack(0x0000000021470000,0x0000000021570000)]

siginfo: ExceptionCode=0xc0000005, ExceptionInformation=0x0000000000000008 0x00000001800038b0

Registers:
RAX=0x00000001800038b0, RBX=0x00000000235b2370, RCX=0x000000001c7cc9f8, RDX=0x000000002156c388
RSP=0x000000002156c2f8, RBP=0x000000002156c378, RSI=0x0000000060200021, RDI=0x0000000100030050
R8 =0x0000000000000090, R9 =0x0000000000000000, R10=0x0000000002b30fc0, R11=0x000000005691b330
R12=0x0000000000000000, R13=0x00000000235b2370, R14=0x000000002156c3a0, R15=0x000000001c7cc800
RIP=0x00000001800038b0, EFLAGS=0x0000000000010202

Top of Stack: (sp=0x000000002156c2f8)
0x000000002156c2f8:   0000000002b30fec 000000002156c350
0x000000002156c308:   000000001c7cc800 000000002156c390
0x000000002156c318:   0000000000000001 00000000dd8c2ae8
0x000000002156c328:   0000000002cfae49 000000002156c398
0x000000002156c338:   000000002156c338 0000000000000000
0x000000002156c348:   000000002156c3a0 00000000235b2610
0x000000002156c358:   0000000000000000 00000000235b2370
0x000000002156c368:   0000000000000000 000000002156c398
0x000000002156c378:   000000002156c3f0 0000000002b17f10
0x000000002156c388:   00000000dcd47738 0000000002b271b7
0x000000002156c398:   0000000000000090 0000000000000090
0x000000002156c3a8:   00000000dd8c2ae8 000000002156c3b0
0x000000002156c3b8:   00000000235b003b 000000002156c410
0x000000002156c3c8:   00000000235b2610 0000000000000000
0x000000002156c3d8:   00000000235b0098 000000002156c398
0x000000002156c3e8:   000000002156c400 000000002156c468 

Instructions: (pc=0x00000001800038b0)
0x0000000180003890:   
[error occurred during error reporting (printing registers, top of stack, instructions near pc), id 0xc0000005]

Register to memory mapping:

RAX=0x00000001800038b0 is an unknown value
RBX={method} {0x00000000235b2378} 'malloc' '(J)J' in 'com/sun/jna/Memory'
RCX=0x000000001c7cc9f8 is an unknown value
RDX=0x000000002156c388 is pointing into the stack for thread: 0x000000001c7cc800
RSP=0x000000002156c2f8 is pointing into the stack for thread: 0x000000001c7cc800
RBP=0x000000002156c378 is pointing into the stack for thread: 0x000000001c7cc800
RSI=0x0000000060200021 is an unknown value
RDI=0x0000000100030050 is pointing into metadata
R8 =0x0000000000000090 is an unknown value
R9 =0x0000000000000000 is an unknown value
R10=0x0000000002b30fc0 is at code_begin+1632 in an Interpreter codelet
method entry point (kind = native)  [0x0000000002b30960, 0x0000000002b31980]  4128 bytes
R11=0x000000005691b330 is an unknown value
R12=0x0000000000000000 is an unknown value
R13={method} {0x00000000235b2378} 'malloc' '(J)J' in 'com/sun/jna/Memory'
R14=0x000000002156c3a0 is pointing into the stack for thread: 0x000000001c7cc800
R15=0x000000001c7cc800 is a thread


Stack: [0x0000000021470000,0x0000000021570000],  sp=0x000000002156c2f8,  free space=1008k
Native frames: (J=compiled Java code, j=interpreted, Vv=VM code, C=native code)
C  0x00000001800038b0

Java frames: (J=compiled Java code, j=interpreted, Vv=VM code)
j  com.sun.jna.Memory.malloc(J)J+0
j  com.sun.jna.Memory.<init>(J)V+27
j  com.sun.jna.Structure.allocateMemory(I)V+57
J 3858 C1 com.sun.jna.Structure.getNativeSize(Ljava/lang/Class;Ljava/lang/Object;)I (249 bytes) @ 0x00000000030f44d4 [0x00000000030f3be0+0x8f4]
j  com.sun.jna.Structure.calculateSize(Z)I+936
J 3868 C1 com.sun.jna.Structure.ensureAllocated()V (13 bytes) @ 0x0000000002f4d214 [0x0000000002f4d1c0+0x54]
j  com.sun.jna.Structure.size()I+1
j  com.sun.jna.Structure.writeArrayValue(ILjava/lang/Object;Ljava/lang/Class;)Z+471
J 3880 C1 com.sun.jna.Structure.writeValue(ILjava/lang/Object;Ljava/lang/Class;)Z (780 bytes) @ 0x00000000032c931c [0x00000000032c8380+0xf9c]
j  com.sun.jna.Structure.writeField(Lcom/sun/jna/Structure$StructField;)V+208
j  com.sun.jna.Structure.write()V+100
j  com.atguigu.springcloud.controller.VideoController.getDevice()V+32
j  com.atguigu.springcloud.controller.VideoController.regesiter(Lcom/atguigu/springcloud/pojo/CameraPojo;)V+203
v  ~StubRoutines::call_stub
J 2076  sun.reflect.NativeMethodAccessorImpl.invoke0(Ljava/lang/reflect/Method;Ljava/lang/Object;[Ljava/lang/Object;)Ljava/lang/Object; (0 bytes) @ 0x0000000002fbed3f [0x0000000002fbecc0+0x7f]
J 2075 C1 sun.reflect.NativeMethodAccessorImpl.invoke(Ljava/lang/Object;[Ljava/lang/Object;)Ljava/lang/Object; (104 bytes) @ 0x0000000002fbf4d4 [0x0000000002fbf120+0x3b4]
J 2052 C1 sun.reflect.DelegatingMethodAccessorImpl.invoke(Ljava/lang/Object;[Ljava/lang/Object;)Ljava/lang/Object; (10 bytes) @ 0x0000000002fb05fc [0x0000000002fb05a0+0x5c]
J 2051 C1 java.lang.reflect.Method.invoke(Ljava/lang/Object;[Ljava/lang/Object;)Ljava/lang/Object; (62 bytes) @ 0x0000000002fb01cc [0x0000000002fb00a0+0x12c]
j  org.springframework.web.method.support.InvocableHandlerMethod.doInvoke([Ljava/lang/Object;)Ljava/lang/Object;+16
j  org.springframework.web.method.support.InvocableHandlerMethod.invokeForRequest(Lorg/springframework/web/context/request/NativeWebRequest;Lorg/springframework/web/method/support/ModelAndViewContainer;[Ljava/lang/Object;)Ljava/lang/Object;+56
j  org.springframework.web.servlet.mvc.method.annotation.ServletInvocableHandlerMethod.invokeAndHandle(Lorg/springframework/web/context/request/ServletWebRequest;Lorg/springframework/web/method/support/ModelAndViewContainer;[Ljava/lang/Object;)V+4
j  org.springframework.web.servlet.mvc.method.annotation.RequestMappingHandlerAdapter.invokeHandlerMethod(Ljavax/servlet/http/HttpServletRequest;Ljavax/servlet/http/HttpServletResponse;Lorg/springframework/web/method/HandlerMethod;)Lorg/springframework/web/servlet/ModelAndView;+244
j  org.springframework.web.servlet.mvc.method.annotation.RequestMappingHandlerAdapter.handleInternal(Ljavax/servlet/http/HttpServletRequest;Ljavax/servlet/http/HttpServletResponse;Lorg/springframework/web/method/HandlerMethod;)Lorg/springframework/web/servlet/ModelAndView;+81
j  org.springframework.web.servlet.mvc.method.AbstractHandlerMethodAdapter.handle(Ljavax/servlet/http/HttpServletRequest;Ljavax/servlet/http/HttpServletResponse;Ljava/lang/Object;)Lorg/springframework/web/servlet/ModelAndView;+7
j  org.springframework.web.servlet.DispatcherServlet.doDispatch(Ljavax/servlet/http/HttpServletRequest;Ljavax/servlet/http/HttpServletResponse;)V+257
j  org.springframework.web.servlet.DispatcherServlet.doService(Ljavax/servlet/http/HttpServletRequest;Ljavax/servlet/http/HttpServletResponse;)V+212
j  org.springframework.web.servlet.FrameworkServlet.processRequest(Ljavax/servlet/http/HttpServletRequest;Ljavax/servlet/http/HttpServletResponse;)V+71
j  org.springframework.web.servlet.FrameworkServlet.doPost(Ljavax/servlet/http/HttpServletRequest;Ljavax/servlet/http/HttpServletResponse;)V+3
j  javax.servlet.http.HttpServlet.service(Ljavax/servlet/http/HttpServletRequest;Ljavax/servlet/http/HttpServletResponse;)V+149
j  org.springframework.web.servlet.FrameworkServlet.service(Ljavax/servlet/http/HttpServletRequest;Ljavax/servlet/http/HttpServletResponse;)V+33
j  javax.servlet.http.HttpServlet.service(Ljavax/servlet/ServletRequest;Ljavax/servlet/ServletResponse;)V+36
j  org.apache.catalina.core.ApplicationFilterChain.internalDoFilter(Ljavax/servlet/ServletRequest;Ljavax/servlet/ServletResponse;)V+304
j  org.apache.catalina.core.ApplicationFilterChain.doFilter(Ljavax/servlet/ServletRequest;Ljavax/servlet/ServletResponse;)V+101
j  org.apache.tomcat.websocket.server.WsFilter.doFilter(Ljavax/servlet/ServletRequest;Ljavax/servlet/ServletResponse;Ljavax/servlet/FilterChain;)V+21
j  org.apache.catalina.core.ApplicationFilterChain.internalDoFilter(Ljavax/servlet/ServletRequest;Ljavax/servlet/ServletResponse;)V+135
j  org.apache.catalina.core.ApplicationFilterChain.doFilter(Ljavax/servlet/ServletRequest;Ljavax/servlet/ServletResponse;)V+101
j  org.springframework.web.filter.RequestContextFilter.doFilterInternal(Ljavax/servlet/http/HttpServletRequest;Ljavax/servlet/http/HttpServletResponse;Ljavax/servlet/FilterChain;)V+21
j  org.springframework.web.filter.OncePerRequestFilter.doFilter(Ljavax/servlet/ServletRequest;Ljavax/servlet/ServletResponse;Ljavax/servlet/FilterChain;)V+147
j  org.apache.catalina.core.ApplicationFilterChain.internalDoFilter(Ljavax/servlet/ServletRequest;Ljavax/servlet/ServletResponse;)V+135
j  org.apache.catalina.core.ApplicationFilterChain.doFilter(Ljavax/servlet/ServletRequest;Ljavax/servlet/ServletResponse;)V+101
j  org.springframework.web.filter.FormContentFilter.doFilterInternal(Ljavax/servlet/http/HttpServletRequest;Ljavax/servlet/http/HttpServletResponse;Ljavax/servlet/FilterChain;)V+38
j  org.springframework.web.filter.OncePerRequestFilter.doFilter(Ljavax/servlet/ServletRequest;Ljavax/servlet/ServletResponse;Ljavax/servlet/FilterChain;)V+147
j  org.apache.catalina.core.ApplicationFilterChain.internalDoFilter(Ljavax/servlet/ServletRequest;Ljavax/servlet/ServletResponse;)V+135
j  org.apache.catalina.core.ApplicationFilterChain.doFilter(Ljavax/servlet/ServletRequest;Ljavax/servlet/ServletResponse;)V+101
j  org.springframework.boot.actuate.metrics.web.servlet.WebMvcMetricsFilter.doFilterInternal(Ljavax/servlet/http/HttpServletRequest;Ljavax/servlet/http/HttpServletResponse;Ljavax/servlet/FilterChain;)V+21
j  org.springframework.web.filter.OncePerRequestFilter.doFilter(Ljavax/servlet/ServletRequest;Ljavax/servlet/ServletResponse;Ljavax/servlet/FilterChain;)V+147
j  org.apache.catalina.core.ApplicationFilterChain.internalDoFilter(Ljavax/servlet/ServletRequest;Ljavax/servlet/ServletResponse;)V+135
j  org.apache.catalina.core.ApplicationFilterChain.doFilter(Ljavax/servlet/ServletRequest;Ljavax/servlet/ServletResponse;)V+101
j  org.springframework.web.filter.CharacterEncodingFilter.doFilterInternal(Ljavax/servlet/http/HttpServletRequest;Ljavax/servlet/http/HttpServletResponse;Ljavax/servlet/FilterChain;)V+53
j  org.springframework.web.filter.OncePerRequestFilter.doFilter(Ljavax/servlet/ServletRequest;Ljavax/servlet/ServletResponse;Ljavax/servlet/FilterChain;)V+147
j  org.apache.catalina.core.ApplicationFilterChain.internalDoFilter(Ljavax/servlet/ServletRequest;Ljavax/servlet/ServletResponse;)V+135
j  org.apache.catalina.core.ApplicationFilterChain.doFilter(Ljavax/servlet/ServletRequest;Ljavax/servlet/ServletResponse;)V+101
j  org.apache.catalina.core.StandardWrapperValve.invoke(Lorg/apache/catalina/connector/Request;Lorg/apache/catalina/connector/Response;)V+694
j  org.apache.catalina.core.StandardContextValve.invoke(Lorg/apache/catalina/connector/Request;Lorg/apache/catalina/connector/Response;)V+166
j  org.apache.catalina.authenticator.AuthenticatorBase.invoke(Lorg/apache/catalina/connector/Request;Lorg/apache/catalina/connector/Response;)V+260
j  org.apache.catalina.core.StandardHostValve.invoke(Lorg/apache/catalina/connector/Request;Lorg/apache/catalina/connector/Response;)V+114
j  org.apache.catalina.valves.ErrorReportValve.invoke(Lorg/apache/catalina/connector/Request;Lorg/apache/catalina/connector/Response;)V+6
j  org.apache.catalina.core.StandardEngineValve.invoke(Lorg/apache/catalina/connector/Request;Lorg/apache/catalina/connector/Response;)V+45
j  org.apache.catalina.connector.CoyoteAdapter.service(Lorg/apache/coyote/Request;Lorg/apache/coyote/Response;)V+199
j  org.apache.coyote.http11.Http11Processor.service(Lorg/apache/tomcat/util/net/SocketWrapperBase;)Lorg/apache/tomcat/util/net/AbstractEndpoint$Handler$SocketState;+727
j  org.apache.coyote.AbstractProcessorLight.process(Lorg/apache/tomcat/util/net/SocketWrapperBase;Lorg/apache/tomcat/util/net/SocketEvent;)Lorg/apache/tomcat/util/net/AbstractEndpoint$Handler$SocketState;+170
j  org.apache.coyote.AbstractProtocol$ConnectionHandler.process(Lorg/apache/tomcat/util/net/SocketWrapperBase;Lorg/apache/tomcat/util/net/SocketEvent;)Lorg/apache/tomcat/util/net/AbstractEndpoint$Handler$SocketState;+429
j  org.apache.tomcat.util.net.NioEndpoint$SocketProcessor.doRun()V+221
j  org.apache.tomcat.util.net.SocketProcessorBase.run()V+21
j  java.util.concurrent.ThreadPoolExecutor.runWorker(Ljava/util/concurrent/ThreadPoolExecutor$Worker;)V+95
j  java.util.concurrent.ThreadPoolExecutor$Worker.run()V+5
j  org.apache.tomcat.util.threads.TaskThread$WrappingRunnable.run()V+4
j  java.lang.Thread.run()V+11
v  ~StubRoutines::call_stub

---------------  P R O C E S S  ---------------

Java Threads: ( => current thread )
  0x000000001c815800 JavaThread "SpringContextShutdownHook" [_thread_in_native, id=26596, stack(0x000000001c870000,0x000000001c970000)]
  0x000000001c80e000 JavaThread "SIGINT handler" daemon [_thread_blocked, id=21980, stack(0x000000001a0c0000,0x000000001a1c0000)]
  0x000000001c814000 JavaThread "DestroyJavaVM" [_thread_blocked, id=19612, stack(0x00000000027d0000,0x00000000028d0000)]
  0x000000001c813800 JavaThread "http-nio-8088-Acceptor" daemon [_thread_in_native, id=20200, stack(0x0000000021d70000,0x0000000021e70000)]
  0x000000001c812800 JavaThread "http-nio-8088-ClientPoller" daemon [_thread_in_native, id=24748, stack(0x0000000021c70000,0x0000000021d70000)]
  0x000000001c812000 JavaThread "http-nio-8088-exec-10" daemon [_thread_blocked, id=21068, stack(0x0000000021b70000,0x0000000021c70000)]
  0x000000001c811000 JavaThread "http-nio-8088-exec-9" daemon [_thread_blocked, id=13208, stack(0x0000000021a70000,0x0000000021b70000)]
  0x000000001c810800 JavaThread "http-nio-8088-exec-8" daemon [_thread_blocked, id=18688, stack(0x0000000021970000,0x0000000021a70000)]
  0x000000001c7c9800 JavaThread "http-nio-8088-exec-7" daemon [_thread_blocked, id=24996, stack(0x0000000021770000,0x0000000021870000)]
  0x000000001c7c8800 JavaThread "http-nio-8088-exec-6" daemon [_thread_blocked, id=24736, stack(0x0000000021670000,0x0000000021770000)]
  0x000000001c7cf800 JavaThread "http-nio-8088-exec-5" daemon [_thread_blocked, id=24740, stack(0x0000000021570000,0x0000000021670000)]
=>0x000000001c7cc800 JavaThread "http-nio-8088-exec-4" daemon [_thread_in_native, id=24796, stack(0x0000000021470000,0x0000000021570000)]
  0x000000001c7cb800 JavaThread "http-nio-8088-exec-3" daemon [_thread_blocked, id=25476, stack(0x0000000021370000,0x0000000021470000)]
  0x000000001c7ce800 JavaThread "http-nio-8088-exec-2" daemon [_thread_blocked, id=21820, stack(0x0000000021270000,0x0000000021370000)]
  0x000000001c7ce000 JavaThread "http-nio-8088-exec-1" daemon [_thread_blocked, id=23304, stack(0x0000000021170000,0x0000000021270000)]
  0x000000001c7cb000 JavaThread "http-nio-8088-BlockPoller" daemon [_thread_in_native, id=26496, stack(0x0000000020f70000,0x0000000021070000)]
  0x000000001c7ca000 JavaThread "Live Reload Server" daemon [_thread_in_native, id=23604, stack(0x0000000021070000,0x0000000021170000)]
  0x000000001c5fc800 JavaThread "container-0" [_thread_blocked, id=5800, stack(0x000000001e270000,0x000000001e370000)]
  0x0000000019a3d000 JavaThread "Catalina-utility-2" [_thread_blocked, id=20520, stack(0x000000001d370000,0x000000001d470000)]
  0x000000001a685800 JavaThread "Catalina-utility-1" [_thread_blocked, id=2712, stack(0x000000001ce70000,0x000000001cf70000)]
  0x000000001b8ec000 JavaThread "RMI Scheduler(0)" daemon [_thread_blocked, id=25692, stack(0x000000001c970000,0x000000001ca70000)]
  0x000000001a87d800 JavaThread "JavaCPP Deallocator" daemon [_thread_blocked, id=15132, stack(0x000000001b5a0000,0x000000001b6a0000)]
  0x000000001a6a4000 JavaThread "RMI TCP Accept-0" daemon [_thread_in_native, id=21536, stack(0x000000001b1f0000,0x000000001b2f0000)]
  0x000000001a50f000 JavaThread "Service Thread" daemon [_thread_blocked, id=13448, stack(0x000000001afc0000,0x000000001b0c0000)]
  0x000000001a42d000 JavaThread "C1 CompilerThread3" daemon [_thread_blocked, id=11704, stack(0x000000001aec0000,0x000000001afc0000)]
  0x000000001a42c000 JavaThread "C2 CompilerThread2" daemon [_thread_blocked, id=19000, stack(0x000000001adc0000,0x000000001aec0000)]
  0x000000001a447000 JavaThread "C2 CompilerThread1" daemon [_thread_blocked, id=25100, stack(0x000000001acc0000,0x000000001adc0000)]
  0x000000001a42b800 JavaThread "C2 CompilerThread0" daemon [_thread_blocked, id=19828, stack(0x000000001abc0000,0x000000001acc0000)]
  0x0000000019a08800 JavaThread "JDWP Event Helper Thread" daemon [_thread_blocked, id=8956, stack(0x000000001a1c0000,0x000000001a2c0000)]
  0x00000000199f8000 JavaThread "Attach Listener" daemon [_thread_blocked, id=20676, stack(0x0000000019fc0000,0x000000001a0c0000)]
  0x00000000199a6000 JavaThread "Signal Dispatcher" daemon [_thread_blocked, id=19220, stack(0x0000000019ec0000,0x0000000019fc0000)]
  0x0000000017aa3000 JavaThread "Finalizer" daemon [_thread_blocked, id=24844, stack(0x0000000019d60000,0x0000000019e60000)]
  0x0000000002b0e000 JavaThread "Reference Handler" daemon [_thread_blocked, id=17472, stack(0x0000000019860000,0x0000000019960000)]

Other Threads:
  0x0000000017a99000 VMThread [stack: 0x0000000019760000,0x0000000019860000] [id=17616]
  0x000000001a6b0000 WatcherThread [stack: 0x000000001b2f0000,0x000000001b3f0000] [id=24940]

VM state:not at safepoint (normal execution)

VM Mutex/Monitor currently owned by a thread: None

Heap:
 PSYoungGen      total 145920K, used 131938K [0x00000000d5e00000, 0x00000000e2500000, 0x0000000100000000)
  eden space 136192K, 96% used [0x00000000d5e00000,0x00000000dded8b78,0x00000000de300000)
  from space 9728K, 0% used [0x00000000de300000,0x00000000de300000,0x00000000dec80000)
  to   space 9728K, 0% used [0x00000000e1b80000,0x00000000e1b80000,0x00000000e2500000)
 ParOldGen       total 86528K, used 15919K [0x0000000081a00000, 0x0000000086e80000, 0x00000000d5e00000)
  object space 86528K, 18% used [0x0000000081a00000,0x000000008298be18,0x0000000086e80000)
 Metaspace       used 40076K, capacity 42720K, committed 42880K, reserved 1085440K
  class space    used 5508K, capacity 5985K, committed 6016K, reserved 1048576K

Card table byte_map: [0x0000000011ed0000,0x00000000122d0000] byte_map_base: 0x0000000011ac3000

Marking Bits: (ParMarkBitMap*) 0x0000000056f0a6c0
 Begin Bits: [0x0000000012d80000, 0x0000000014d18000)
 End Bits:   [0x0000000014d18000, 0x0000000016cb0000)

Polling page: 0x00000000001f0000

CodeCache: size=245760Kb used=7949Kb max_used=7975Kb free=237810Kb
 bounds [0x0000000002b10000, 0x00000000032f0000, 0x0000000011b10000]
 total_blobs=4357 nmethods=3832 adapters=444
 compilation: enabled

Compilation events (10 events):
Event: 111.825 Thread 0x000000001a42d000 nmethod 3904 0x00000000031ac050 code [0x00000000031ac1a0, 0x00000000031ac2b0]
Event: 111.826 Thread 0x000000001a42d000 3903       1       org.apache.catalina.LifecycleEvent::getType (5 bytes)
Event: 111.827 Thread 0x000000001a42d000 nmethod 3903 0x00000000031f3850 code [0x00000000031f39a0, 0x00000000031f3ab0]
Event: 111.897 Thread 0x000000001a42d000 3905       1       java.lang.Class::privateGetPublicFields (183 bytes)
Event: 111.899 Thread 0x000000001a42d000 nmethod 3905 0x00000000031b8ed0 code [0x00000000031b9140, 0x00000000031b9c58]
Event: 111.900 Thread 0x000000001a42d000 3906       1       java.lang.Class::getFields (18 bytes)
Event: 111.901 Thread 0x000000001a42d000 nmethod 3906 0x00000000031f3450 code [0x00000000031f35e0, 0x00000000031f3778]
Event: 111.901 Thread 0x000000001a42d000 3907   !   1       com.sun.jna.Native::getLibraryOptions (129 bytes)
Event: 111.902 Thread 0x000000001a42d000 nmethod 3907 0x0000000002cdf610 code [0x0000000002cdf8e0, 0x0000000002ce0b78]
Event: 111.902 Thread 0x000000001a42d000 3908   !   1       com.sun.jna.Structure::calculateSize (1103 bytes)

GC Heap History (10 events):
Event: 6.821 GC heap before
{Heap before GC invocations=11 (full 1):
 PSYoungGen      total 105472K, used 5408K [0x00000000d5e00000, 0x00000000dcc00000, 0x0000000100000000)
  eden space 99840K, 0% used [0x00000000d5e00000,0x00000000d5e00000,0x00000000dbf80000)
  from space 5632K, 96% used [0x00000000dc580000,0x00000000dcac8010,0x00000000dcb00000)
  to   space 6144K, 0% used [0x00000000dbf80000,0x00000000dbf80000,0x00000000dc580000)
 ParOldGen       total 87552K, used 5430K [0x0000000081a00000, 0x0000000086f80000, 0x00000000d5e00000)
  object space 87552K, 6% used [0x0000000081a00000,0x0000000081f4dba8,0x0000000086f80000)
 Metaspace       used 20520K, capacity 21186K, committed 21296K, reserved 1067008K
  class space    used 2695K, capacity 2884K, committed 2944K, reserved 1048576K
Event: 6.889 GC heap after
Heap after GC invocations=11 (full 1):
 PSYoungGen      total 105472K, used 0K [0x00000000d5e00000, 0x00000000dcc00000, 0x0000000100000000)
  eden space 99840K, 0% used [0x00000000d5e00000,0x00000000d5e00000,0x00000000dbf80000)
  from space 5632K, 0% used [0x00000000dc580000,0x00000000dc580000,0x00000000dcb00000)
  to   space 6144K, 0% used [0x00000000dbf80000,0x00000000dbf80000,0x00000000dc580000)
 ParOldGen       total 54784K, used 8347K [0x0000000081a00000, 0x0000000084f80000, 0x00000000d5e00000)
  object space 54784K, 15% used [0x0000000081a00000,0x0000000082226c70,0x0000000084f80000)
 Metaspace       used 20518K, capacity 21180K, committed 21296K, reserved 1067008K
  class space    used 2694K, capacity 2883K, committed 2944K, reserved 1048576K
}
Event: 7.911 GC heap before
{Heap before GC invocations=12 (full 1):
 PSYoungGen      total 105472K, used 99840K [0x00000000d5e00000, 0x00000000dcc00000, 0x0000000100000000)
  eden space 99840K, 100% used [0x00000000d5e00000,0x00000000dbf80000,0x00000000dbf80000)
  from space 5632K, 0% used [0x00000000dc580000,0x00000000dc580000,0x00000000dcb00000)
  to   space 6144K, 0% used [0x00000000dbf80000,0x00000000dbf80000,0x00000000dc580000)
 ParOldGen       total 54784K, used 8347K [0x0000000081a00000, 0x0000000084f80000, 0x00000000d5e00000)
  object space 54784K, 15% used [0x0000000081a00000,0x0000000082226c70,0x0000000084f80000)
 Metaspace       used 24340K, capacity 25296K, committed 25600K, reserved 1071104K
  class space    used 3240K, capacity 3480K, committed 3584K, reserved 1048576K
Event: 7.923 GC heap after
Heap after GC invocations=12 (full 1):
 PSYoungGen      total 105984K, used 6132K [0x00000000d5e00000, 0x00000000df500000, 0x0000000100000000)
  eden space 99840K, 0% used [0x00000000d5e00000,0x00000000d5e00000,0x00000000dbf80000)
  from space 6144K, 99% used [0x00000000dbf80000,0x00000000dc57d348,0x00000000dc580000)
  to   space 7680K, 0% used [0x00000000ded80000,0x00000000ded80000,0x00000000df500000)
 ParOldGen       total 54784K, used 9423K [0x0000000081a00000, 0x0000000084f80000, 0x00000000d5e00000)
  object space 54784K, 17% used [0x0000000081a00000,0x0000000082333e70,0x0000000084f80000)
 Metaspace       used 24340K, capacity 25296K, committed 25600K, reserved 1071104K
  class space    used 3240K, capacity 3480K, committed 3584K, reserved 1048576K
}
Event: 9.394 GC heap before
{Heap before GC invocations=13 (full 1):
 PSYoungGen      total 105984K, used 105972K [0x00000000d5e00000, 0x00000000df500000, 0x0000000100000000)
  eden space 99840K, 100% used [0x00000000d5e00000,0x00000000dbf80000,0x00000000dbf80000)
  from space 6144K, 99% used [0x00000000dbf80000,0x00000000dc57d348,0x00000000dc580000)
  to   space 7680K, 0% used [0x00000000ded80000,0x00000000ded80000,0x00000000df500000)
 ParOldGen       total 54784K, used 9423K [0x0000000081a00000, 0x0000000084f80000, 0x00000000d5e00000)
  object space 54784K, 17% used [0x0000000081a00000,0x0000000082333e70,0x0000000084f80000)
 Metaspace       used 29386K, capacity 30988K, committed 31232K, reserved 1077248K
  class space    used 3964K, capacity 4308K, committed 4352K, reserved 1048576K
Event: 9.402 GC heap after
Heap after GC invocations=13 (full 1):
 PSYoungGen      total 143872K, used 7650K [0x00000000d5e00000, 0x00000000df600000, 0x0000000100000000)
  eden space 136192K, 0% used [0x00000000d5e00000,0x00000000d5e00000,0x00000000de300000)
  from space 7680K, 99% used [0x00000000ded80000,0x00000000df4f8800,0x00000000df500000)
  to   space 9728K, 0% used [0x00000000de300000,0x00000000de300000,0x00000000dec80000)
 ParOldGen       total 54784K, used 12106K [0x0000000081a00000, 0x0000000084f80000, 0x00000000d5e00000)
  object space 54784K, 22% used [0x0000000081a00000,0x00000000825d2b58,0x0000000084f80000)
 Metaspace       used 29386K, capacity 30988K, committed 31232K, reserved 1077248K
  class space    used 3964K, capacity 4308K, committed 4352K, reserved 1048576K
}
Event: 10.114 GC heap before
{Heap before GC invocations=14 (full 1):
 PSYoungGen      total 143872K, used 75903K [0x00000000d5e00000, 0x00000000df600000, 0x0000000100000000)
  eden space 136192K, 50% used [0x00000000d5e00000,0x00000000da0a77b0,0x00000000de300000)
  from space 7680K, 99% used [0x00000000ded80000,0x00000000df4f8800,0x00000000df500000)
  to   space 9728K, 0% used [0x00000000de300000,0x00000000de300000,0x00000000dec80000)
 ParOldGen       total 54784K, used 12106K [0x0000000081a00000, 0x0000000084f80000, 0x00000000d5e00000)
  object space 54784K, 22% used [0x0000000081a00000,0x00000000825d2b58,0x0000000084f80000)
 Metaspace       used 33539K, capacity 35390K, committed 35496K, reserved 1079296K
  class space    used 4542K, capacity 4889K, committed 4992K, reserved 1048576K
Event: 10.121 GC heap after
Heap after GC invocations=14 (full 1):
 PSYoungGen      total 145920K, used 5614K [0x00000000d5e00000, 0x00000000e2500000, 0x0000000100000000)
  eden space 136192K, 0% used [0x00000000d5e00000,0x00000000d5e00000,0x00000000de300000)
  from space 9728K, 57% used [0x00000000de300000,0x00000000de87bb48,0x00000000dec80000)
  to   space 9728K, 0% used [0x00000000e1b80000,0x00000000e1b80000,0x00000000e2500000)
 ParOldGen       total 54784K, used 15404K [0x0000000081a00000, 0x0000000084f80000, 0x00000000d5e00000)
  object space 54784K, 28% used [0x0000000081a00000,0x000000008290b170,0x0000000084f80000)
 Metaspace       used 33539K, capacity 35390K, committed 35496K, reserved 1079296K
  class space    used 4542K, capacity 4889K, committed 4992K, reserved 1048576K
}
Event: 10.121 GC heap before
{Heap before GC invocations=15 (full 2):
 PSYoungGen      total 145920K, used 5614K [0x00000000d5e00000, 0x00000000e2500000, 0x0000000100000000)
  eden space 136192K, 0% used [0x00000000d5e00000,0x00000000d5e00000,0x00000000de300000)
  from space 9728K, 57% used [0x00000000de300000,0x00000000de87bb48,0x00000000dec80000)
  to   space 9728K, 0% used [0x00000000e1b80000,0x00000000e1b80000,0x00000000e2500000)
 ParOldGen       total 54784K, used 15404K [0x0000000081a00000, 0x0000000084f80000, 0x00000000d5e00000)
  object space 54784K, 28% used [0x0000000081a00000,0x000000008290b170,0x0000000084f80000)
 Metaspace       used 33539K, capacity 35390K, committed 35496K, reserved 1079296K
  class space    used 4542K, capacity 4889K, committed 4992K, reserved 1048576K
Event: 10.189 GC heap after
Heap after GC invocations=15 (full 2):
 PSYoungGen      total 145920K, used 0K [0x00000000d5e00000, 0x00000000e2500000, 0x0000000100000000)
  eden space 136192K, 0% used [0x00000000d5e00000,0x00000000d5e00000,0x00000000de300000)
  from space 9728K, 0% used [0x00000000de300000,0x00000000de300000,0x00000000dec80000)
  to   space 9728K, 0% used [0x00000000e1b80000,0x00000000e1b80000,0x00000000e2500000)
 ParOldGen       total 86528K, used 15919K [0x0000000081a00000, 0x0000000086e80000, 0x00000000d5e00000)
  object space 86528K, 18% used [0x0000000081a00000,0x000000008298be18,0x0000000086e80000)
 Metaspace       used 33539K, capacity 35390K, committed 35496K, reserved 1079296K
  class space    used 4542K, capacity 4889K, committed 4992K, reserved 1048576K
}

Deoptimization events (0 events):
No events

Internal exceptions (10 events):
Event: 13.471 Thread 0x000000001c80e000 Exception <a 'java/lang/ArrayIndexOutOfBoundsException'> (0x00000000d9ffc718) thrown at [C:\re\workspace\8-2-build-windows-amd64-cygwin\jdk8u102\7268\hotspot\src\share\vm\runtime\sharedRuntime.cpp, line 605]
Event: 13.473 Thread 0x000000001c80e000 Exception <a 'java/lang/ArrayIndexOutOfBoundsException'> (0x00000000da0188a0) thrown at [C:\re\workspace\8-2-build-windows-amd64-cygwin\jdk8u102\7268\hotspot\src\share\vm\runtime\sharedRuntime.cpp, line 605]
Event: 13.474 Thread 0x000000001c80e000 Exception <a 'java/lang/ArrayIndexOutOfBoundsException'> (0x00000000da01a948) thrown at [C:\re\workspace\8-2-build-windows-amd64-cygwin\jdk8u102\7268\hotspot\src\share\vm\runtime\sharedRuntime.cpp, line 605]
Event: 13.474 Thread 0x000000001c80e000 Exception <a 'java/lang/ArrayIndexOutOfBoundsException'> (0x00000000da01cc10) thrown at [C:\re\workspace\8-2-build-windows-amd64-cygwin\jdk8u102\7268\hotspot\src\share\vm\runtime\sharedRuntime.cpp, line 605]
Event: 13.477 Thread 0x000000001c80e000 Exception <a 'java/lang/ArrayIndexOutOfBoundsException'> (0x00000000da0443d0) thrown at [C:\re\workspace\8-2-build-windows-amd64-cygwin\jdk8u102\7268\hotspot\src\share\vm\runtime\sharedRuntime.cpp, line 605]
Event: 13.477 Thread 0x000000001c80e000 Exception <a 'java/lang/ArrayIndexOutOfBoundsException'> (0x00000000da045850) thrown at [C:\re\workspace\8-2-build-windows-amd64-cygwin\jdk8u102\7268\hotspot\src\share\vm\runtime\sharedRuntime.cpp, line 605]
Event: 13.478 Thread 0x000000001c80e000 Exception <a 'java/lang/ArrayIndexOutOfBoundsException'> (0x00000000da046cd8) thrown at [C:\re\workspace\8-2-build-windows-amd64-cygwin\jdk8u102\7268\hotspot\src\share\vm\runtime\sharedRuntime.cpp, line 605]
Event: 56.572 Thread 0x000000001c7ce800 Exception <a 'java/io/FileNotFoundException'> (0x00000000dc98f3b8) thrown at [C:\re\workspace\8-2-build-windows-amd64-cygwin\jdk8u102\7268\hotspot\src\share\vm\prims\jni.cpp, line 709]
Event: 89.722 Thread 0x000000001c7ce800 Exception <a 'java/lang/NoSuchMethodError': java.lang.Object.lambda$thenComparing$36697e65$1(Ljava/util/Comparator;Ljava/lang/Object;Ljava/lang/Object;)I> (0x00000000dd1e4900) thrown at [C:\re\workspace\8-2-build-windows-amd64-cygwin\jdk8u102\7268\hotspot\ÿ¶‚_nV@
Event: 89.725 Thread 0x000000001c7ce800 Exception <a 'java/lang/NoSuchMethodError': java.lang.Object.lambda$builder$1(Ljava/lang/String;)Lio/micrometer/core/instrument/Timer$Builder;> (0x00000000dd20dd28) thrown at [C:\re\workspace\8-2-build-windows-amd64-cygwin\jdk8u102\7268\hotspot\src\share\v¶qzÍañ*@

Events (10 events):
Event: 111.911 Thread 0x000000001c7cc800 DEOPT UNPACKING pc=0x0000000002b5787f sp=0x000000002156be68 mode 1
Event: 111.911 Thread 0x000000001c7cc800 DEOPT PACKING pc=0x0000000002f6af01 sp=0x000000002156c140
Event: 111.911 Thread 0x000000001c7cc800 DEOPT UNPACKING pc=0x0000000002b5787f sp=0x000000002156be88 mode 1
Event: 111.911 Thread 0x000000001c7cc800 DEOPT PACKING pc=0x0000000002cdfbac sp=0x000000002156c0a0
Event: 111.911 Thread 0x000000001c7cc800 DEOPT UNPACKING pc=0x0000000002b5787f sp=0x000000002156bdf8 mode 1
Event: 111.911 Thread 0x000000001c7cc800 DEOPT PACKING pc=0x0000000002f6af01 sp=0x000000002156c140
Event: 111.911 Thread 0x000000001c7cc800 DEOPT UNPACKING pc=0x0000000002b5787f sp=0x000000002156be88 mode 1
Event: 111.911 Thread 0x000000001c80f800 Thread exited: 0x000000001c80f800
Event: 111.911 Thread 0x000000001c7cc800 DEOPT PACKING pc=0x0000000002cdfbac sp=0x000000002156c0a0
Event: 111.911 Thread 0x000000001c7cc800 DEOPT UNPACKING pc=0x0000000002b5787f sp=0x000000002156bdf8 mode 1


Dynamic libraries:
0x00007ff66c140000 - 0x00007ff66c177000 	C:\Program Files\Java\jdk1.8.0_102\bin\java.exe
0x00007ff82c920000 - 0x00007ff82cb10000 	C:\Windows\SYSTEM32\ntdll.dll
0x00007ff82bba0000 - 0x00007ff82bc52000 	C:\Windows\System32\KERNEL32.DLL
0x00007ff829c50000 - 0x00007ff829ef5000 	C:\Windows\System32\KERNELBASE.dll
0x00007ff82c830000 - 0x00007ff82c8d3000 	C:\Windows\System32\ADVAPI32.dll
0x00007ff82c790000 - 0x00007ff82c82e000 	C:\Windows\System32\msvcrt.dll
0x00007ff82b1a0000 - 0x00007ff82b237000 	C:\Windows\System32\sechost.dll
0x00007ff82be70000 - 0x00007ff82bf8f000 	C:\Windows\System32\RPCRT4.dll
0x00007ff82b240000 - 0x00007ff82b3d4000 	C:\Windows\System32\USER32.dll
0x00007ff8298a0000 - 0x00007ff8298c1000 	C:\Windows\System32\win32u.dll
0x00007ff82a9e0000 - 0x00007ff82aa06000 	C:\Windows\System32\GDI32.dll
0x00007ff829fb0000 - 0x00007ff82a148000 	C:\Windows\System32\gdi32full.dll
0x00007ff8298d0000 - 0x00007ff82996e000 	C:\Windows\System32\msvcp_win.dll
0x00007ff829b50000 - 0x00007ff829c4a000 	C:\Windows\System32\ucrtbase.dll
0x00007ff8175d0000 - 0x00007ff817854000 	C:\Windows\WinSxS\amd64_microsoft.windows.common-controls_6595b64144ccf1df_6.0.18362.1316_none_9e7a364fe461dbd7\COMCTL32.dll
0x00007ff82aaf0000 - 0x00007ff82ae27000 	C:\Windows\System32\combase.dll
0x00007ff82a940000 - 0x00007ff82a9c1000 	C:\Windows\System32\bcryptPrimitives.dll
0x00007ff82c2d0000 - 0x00007ff82c2fe000 	C:\Windows\System32\IMM32.DLL
0x0000000057bb0000 - 0x0000000057c81000 	C:\Program Files\Java\jdk1.8.0_102\jre\bin\msvcr100.dll
0x00000000566f0000 - 0x0000000056f8a000 	C:\Program Files\Java\jdk1.8.0_102\jre\bin\server\jvm.dll
0x00007ff82a9d0000 - 0x00007ff82a9d8000 	C:\Windows\System32\PSAPI.DLL
0x00007ff8263b0000 - 0x00007ff8263d4000 	C:\Windows\SYSTEM32\WINMM.dll
0x00007ff8164a0000 - 0x00007ff8164a9000 	C:\Windows\SYSTEM32\WSOCK32.dll
0x00007ff8293a0000 - 0x00007ff8293aa000 	C:\Windows\SYSTEM32\VERSION.dll
0x00007ff82bb30000 - 0x00007ff82bb9f000 	C:\Windows\System32\WS2_32.dll
0x00007ff826380000 - 0x00007ff8263ad000 	C:\Windows\SYSTEM32\winmmbase.dll
0x00007ff82a170000 - 0x00007ff82a1ba000 	C:\Windows\System32\cfgmgr32.dll
0x0000000057ba0000 - 0x0000000057baf000 	C:\Program Files\Java\jdk1.8.0_102\jre\bin\verify.dll
0x0000000057b70000 - 0x0000000057b99000 	C:\Program Files\Java\jdk1.8.0_102\jre\bin\java.dll
0x0000000056690000 - 0x00000000566c5000 	C:\Program Files\Java\jdk1.8.0_102\jre\bin\jdwp.dll
0x0000000056680000 - 0x0000000056688000 	C:\Program Files\Java\jdk1.8.0_102\jre\bin\npt.dll
0x0000000056650000 - 0x0000000056673000 	C:\Program Files\Java\jdk1.8.0_102\jre\bin\instrument.dll
0x0000000057b50000 - 0x0000000057b66000 	C:\Program Files\Java\jdk1.8.0_102\jre\bin\zip.dll
0x00007ff82b3e0000 - 0x00007ff82bac8000 	C:\Windows\System32\SHELL32.dll
0x00007ff82ae30000 - 0x00007ff82aed7000 	C:\Windows\System32\shcore.dll
0x00007ff82a1c0000 - 0x00007ff82a93b000 	C:\Windows\System32\windows.storage.dll
0x00007ff829820000 - 0x00007ff829843000 	C:\Windows\System32\profapi.dll
0x00007ff829850000 - 0x00007ff82989a000 	C:\Windows\System32\powrprof.dll
0x00007ff8297d0000 - 0x00007ff8297e0000 	C:\Windows\System32\UMPDC.dll
0x00007ff82c270000 - 0x00007ff82c2c2000 	C:\Windows\System32\shlwapi.dll
0x00007ff829800000 - 0x00007ff829811000 	C:\Windows\System32\kernel.appcore.dll
0x00007ff82a150000 - 0x00007ff82a167000 	C:\Windows\System32\cryptsp.dll
0x0000000056640000 - 0x0000000056649000 	C:\Program Files\Java\jdk1.8.0_102\jre\bin\dt_socket.dll
0x00007ff828f10000 - 0x00007ff828f77000 	C:\Windows\system32\mswsock.dll
0x0000000057b30000 - 0x0000000057b4a000 	C:\Program Files\Java\jdk1.8.0_102\jre\bin\net.dll
0x00007ff80c850000 - 0x00007ff80c89b000 	C:\Program Files (x86)\Sangfor\SSL\ClientComponent\SangforNspX64.dll
0x00007ff82bd10000 - 0x00007ff82be67000 	C:\Windows\System32\ole32.dll
0x00007ff82bf90000 - 0x00007ff82c055000 	C:\Windows\System32\OLEAUT32.dll
0x00007ff828c60000 - 0x00007ff828d2b000 	C:\Windows\SYSTEM32\DNSAPI.dll
0x00007ff82aae0000 - 0x00007ff82aae8000 	C:\Windows\System32\NSI.dll
0x00007ff828c20000 - 0x00007ff828c5a000 	C:\Windows\SYSTEM32\IPHLPAPI.DLL
0x00000000576e0000 - 0x0000000057706000 	C:\Program Files\Bonjour\mdnsNSP.dll
0x00007ff822870000 - 0x00007ff82287a000 	C:\Windows\System32\rasadhlp.dll
0x00007ff819b30000 - 0x00007ff819ba7000 	C:\Windows\System32\fwpuclnt.dll
0x00007ff829b20000 - 0x00007ff829b46000 	C:\Windows\System32\bcrypt.dll
0x0000000056630000 - 0x000000005663d000 	C:\Program Files\Java\jdk1.8.0_102\jre\bin\management.dll
0x00000000566d0000 - 0x00000000566e1000 	C:\Program Files\Java\jdk1.8.0_102\jre\bin\nio.dll
0x00007ff828a80000 - 0x00007ff828ab3000 	C:\Windows\system32\rsaenh.dll
0x00007ff8296b0000 - 0x00007ff8296d5000 	C:\Windows\SYSTEM32\USERENV.dll
0x00007ff829110000 - 0x00007ff82911c000 	C:\Windows\SYSTEM32\CRYPTBASE.dll
0x00007ff81a030000 - 0x00007ff81a046000 	C:\Windows\SYSTEM32\dhcpcsvc6.DLL
0x00007ff81ed10000 - 0x00007ff81ed2c000 	C:\Windows\SYSTEM32\dhcpcsvc.DLL
0x00007ff80c2d0000 - 0x00007ff80c2e6000 	C:\Windows\system32\napinsp.dll
0x00007ff80c2b0000 - 0x00007ff80c2ca000 	C:\Windows\system32\pnrpnsp.dll
0x00007ff80d990000 - 0x00007ff80d99e000 	C:\Windows\System32\winrnr.dll
0x00007ff8260a0000 - 0x00007ff8260bc000 	C:\Windows\system32\NLAapi.dll
0x00007ff825040000 - 0x00007ff825055000 	C:\Windows\system32\wshbth.dll
0x00007fffe4820000 - 0x00007fffe48de000 	C:\Users\26480\.javacpp\cache\ffmpeg-4.1.3-1.5.1-windows-x86_64.jar\org\bytedeco\ffmpeg\windows-x86_64\avutil-56.dll
0x000000006fe00000 - 0x000000006fea9000 	C:\Users\26480\.javacpp\cache\ffmpeg-4.1.3-1.5.1-windows-x86_64.jar\org\bytedeco\ffmpeg\windows-x86_64\jniavutil.dll
0x00007ff801200000 - 0x00007ff801227000 	C:\Users\26480\.javacpp\cache\ffmpeg-4.1.3-1.5.1-windows-x86_64.jar\org\bytedeco\ffmpeg\windows-x86_64\swresample-3.dll
0x0000000070080000 - 0x00000000700ae000 	C:\Users\26480\.javacpp\cache\ffmpeg-4.1.3-1.5.1-windows-x86_64.jar\org\bytedeco\ffmpeg\windows-x86_64\jniswresample.dll
0x00007fffa9ee0000 - 0x00007fffad05b000 	C:\Users\26480\.javacpp\cache\ffmpeg-4.1.3-1.5.1-windows-x86_64.jar\org\bytedeco\ffmpeg\windows-x86_64\avcodec-58.dll
0x000000006a1c0000 - 0x000000006a2a7000 	C:\Users\26480\.javacpp\cache\ffmpeg-4.1.3-1.5.1-windows-x86_64.jar\org\bytedeco\ffmpeg\windows-x86_64\jniavcodec.dll
0x00007fffe0770000 - 0x00007fffe0caf000 	C:\Users\26480\.javacpp\cache\ffmpeg-4.1.3-1.5.1-windows-x86_64.jar\org\bytedeco\ffmpeg\windows-x86_64\avformat-58.dll
0x00007ff829970000 - 0x00007ff829aba000 	C:\Windows\System32\CRYPT32.dll
0x00007ff8297e0000 - 0x00007ff8297f2000 	C:\Windows\System32\MSASN1.dll
0x000000006abc0000 - 0x000000006ac83000 	C:\Users\26480\.javacpp\cache\ffmpeg-4.1.3-1.5.1-windows-x86_64.jar\org\bytedeco\ffmpeg\windows-x86_64\jniavformat.dll
0x00007fffe6a50000 - 0x00007fffe6ae6000 	C:\Users\26480\.javacpp\cache\ffmpeg-4.1.3-1.5.1-windows-x86_64.jar\org\bytedeco\ffmpeg\windows-x86_64\swscale-5.dll
0x0000000067cc0000 - 0x0000000067cf3000 	C:\Users\26480\.javacpp\cache\ffmpeg-4.1.3-1.5.1-windows-x86_64.jar\org\bytedeco\ffmpeg\windows-x86_64\jniswscale.dll
0x00007ffff70c0000 - 0x00007ffff70ea000 	C:\Users\26480\.javacpp\cache\ffmpeg-4.1.3-1.5.1-windows-x86_64.jar\org\bytedeco\ffmpeg\windows-x86_64\postproc-55.dll
0x000000006a0c0000 - 0x000000006a0ed000 	C:\Users\26480\.javacpp\cache\ffmpeg-4.1.3-1.5.1-windows-x86_64.jar\org\bytedeco\ffmpeg\windows-x86_64\jnipostproc.dll
0x00007fffe03a0000 - 0x00007fffe0762000 	C:\Users\26480\.javacpp\cache\ffmpeg-4.1.3-1.5.1-windows-x86_64.jar\org\bytedeco\ffmpeg\windows-x86_64\avfilter-7.dll
0x0000000064400000 - 0x0000000064459000 	C:\Users\26480\.javacpp\cache\ffmpeg-4.1.3-1.5.1-windows-x86_64.jar\org\bytedeco\ffmpeg\windows-x86_64\jniavfilter.dll
0x00007ffff1d70000 - 0x00007ffff1d9c000 	C:\Users\26480\.javacpp\cache\ffmpeg-4.1.3-1.5.1-windows-x86_64.jar\org\bytedeco\ffmpeg\windows-x86_64\avdevice-58.dll
0x00007ff803be0000 - 0x00007ff803bf8000 	C:\Windows\SYSTEM32\AVICAP32.dll
0x00007ffff1d40000 - 0x00007ffff1d69000 	C:\Windows\SYSTEM32\MSVFW32.dll
0x000000001b160000 - 0x000000001b193000 	C:\Users\26480\.javacpp\cache\ffmpeg-4.1.3-1.5.1-windows-x86_64.jar\org\bytedeco\ffmpeg\windows-x86_64\jniavdevice.dll
0x00007fffe00a0000 - 0x00007fffe039e000 	D:\readers\cloud2020\cloud-haikan-video\HCNetSDK.dll
0x000000001e4d0000 - 0x000000001ef3a000 	D:\readers\cloud2020\cloud-haikan-video\HCCore.dll
0x0000000056490000 - 0x0000000056628000 	C:\Program Files\Java\jdk1.8.0_102\jre\bin\awt.dll
0x00007ff827940000 - 0x00007ff8279cf000 	C:\Windows\SYSTEM32\apphelp.dll
0x00007fffdfed0000 - 0x00007fffe0091000 	D:\readers\cloud2020\cloud-haikan-video\libeay32.dll
0x00007fffe6060000 - 0x00007fffe60d0000 	D:\readers\cloud2020\cloud-haikan-video\ssleay32.dll
0x00007fffdfc00000 - 0x00007fffdfeca000 	D:\readers\cloud2020\cloud-haikan-video\HCNetSDKCom\HCPreview.dll
0x0000000023940000 - 0x0000000023c4e000 	D:\readers\cloud2020\cloud-haikan-video\HCNetSDKCom\HCCoreDevCfg.dll
0x00007ff815490000 - 0x00007ff815684000 	C:\Windows\SYSTEM32\dbghelp.dll

VM Arguments:
jvm_args: -agentlib:jdwp=transport=dt_socket,address=127.0.0.1:60395,suspend=y,server=n -Djava.library.path=D:\readers\cloud2020\cloud-haikan-video\HCNetSDKCom;D:\readers\cloud2020\cloud-haikan-video -XX:TieredStopAtLevel=1 -Xverify:none -Dspring.output.ansi.enabled=always -Dcom.sun.management.jmxremote -Dspring.jmx.enabled=true -Dspring.liveBeansView.mbeanDomain -Dspring.application.admin.enabled=true -javaagent:C:\Users\26480\AppData\Local\JetBrains\Toolbox\apps\IDEA-U\ch-0\201.6668.121\plugins\java\lib\rt\debugger-agent.jar -Dfile.encoding=UTF-8 
java_command: com.atguigu.springcloud.VideoMain
java_class_path (initial): C:\Program Files\Java\jdk1.8.0_102\jre\lib\charsets.jar;C:\Program Files\Java\jdk1.8.0_102\jre\lib\deploy.jar;C:\Program Files\Java\jdk1.8.0_102\jre\lib\ext\access-bridge-64.jar;C:\Program Files\Java\jdk1.8.0_102\jre\lib\ext\cldrdata.jar;C:\Program Files\Java\jdk1.8.0_102\jre\lib\ext\dnsns.jar;C:\Program Files\Java\jdk1.8.0_102\jre\lib\ext\jaccess.jar;C:\Program Files\Java\jdk1.8.0_102\jre\lib\ext\jfxrt.jar;C:\Program Files\Java\jdk1.8.0_102\jre\lib\ext\localedata.jar;C:\Program Files\Java\jdk1.8.0_102\jre\lib\ext\nashorn.jar;C:\Program Files\Java\jdk1.8.0_102\jre\lib\ext\sunec.jar;C:\Program Files\Java\jdk1.8.0_102\jre\lib\ext\sunjce_provider.jar;C:\Program Files\Java\jdk1.8.0_102\jre\lib\ext\sunmscapi.jar;C:\Program Files\Java\jdk1.8.0_102\jre\lib\ext\sunpkcs11.jar;C:\Program Files\Java\jdk1.8.0_102\jre\lib\ext\zipfs.jar;C:\Program Files\Java\jdk1.8.0_102\jre\lib\javaws.jar;C:\Program Files\Java\jdk1.8.0_102\jre\lib\jce.jar;C:\Program Files\Java\jdk1.8.0_102\jre\lib\jfr.jar;C:\Program Files\Java\jdk1.8.0_102\jre\lib\jfxswt.jar;C:\Program Files\Java\jdk1.8.0_102\jre\lib\jsse.jar;C:\Program Files\Java\jdk1.8.0_102\jre\lib\management-agent.jar;C:\Program Files\Java\jdk1.8.0_102\jre\lib\plugin.jar;C:\Program Files\Java\jdk1.8.0_102\jre\lib\resources.jar;C:\Program Files\Java\jdk1.8.0_102\jre\lib\rt.jar;D:\readers\cloud2020\cloud-haikan-video\target\classes;D:\readers\cloud2020\cloud-haikan-video\examples.jar;D:\readers\cloud2020\cloud-haikan-video\jna.jar;H:\apache-factory\org\bytedeco\javacv\1.5.1\javacv-1.5.1.jar;H:\apache-factory\org\bytedeco\javacpp\1.5.1\javacpp-1.5.1.jar;H:\apache-factory\org\bytedeco\openblas\0.3.6-1.5.1\openblas-0.3.6-1.5.1.jar;H:\apache-factory\org\bytedeco\opencv\4.1.0-1.5.1\opencv-4.1.0-1.5.1.jar;H:\apache-factory\org\bytedeco\ffmpeg\4.1.3-1.5.1\ffmpeg-4.1.3-1.5.1.jar;H:\apache-factory\org\bytedeco\flycapture\2.13.3.31-1.5.1\flycapture-2.13.3.31-1.5.1.jar;H:\apache-factory\org\bytedeco\libdc1394\2.2.6-1.5.1\libd
Launcher Type: SUN_STANDARD

Environment Variables:
JAVA_HOME=C:\Program Files\Java\jdk1.8.0_102
PATH=C:\Program Files\NVIDIA GPU Computing Toolkit\CUDA\v11.2\bin;C:\Program Files\NVIDIA GPU Computing Toolkit\CUDA\v11.2\libnvvp;C:\Program Files\NVIDIA GPU Computing Toolkit\CUDA\v11.2\extras\CUPTI\lib64;C:\Program Files\NVIDIA GPU Computing Toolkit\CUDA\v11.2\cudnn\bin;C:\ProgramData\Anaconda3;C:\ProgramData\Anaconda3\Library\mingw-w64\bin;C:\ProgramData\Anaconda3\Library\usr\bin;C:\ProgramData\Anaconda3\Library\bin;C:\ProgramData\Anaconda3\Scripts;C:\Program Files (x86)\Razer Chroma SDK\bin;C:\Program Files\Razer Chroma SDK\bin;C:\Program Files (x86)\Razer\ChromaBroadcast\bin;C:\Program Files\Razer\ChromaBroadcast\bin;C:\ProgramData\Oracle\Java\javapath;C:\Windows\system32;C:\Windows;C:\Windows\System32\Wbem;C:\Windows\System32\WindowsPowerShell\v1.0\;C:\Windows\System32\OpenSSH\;C:\Program Files\Java\jdk1.8.0_102\bin;H:\apache-maven-3.6.1\bin;C:\Program Files (x86)\nodejs\;C:\Users\26480\AppData\Roaming\npm;C:\Program Files\Git\cmd;C:\Program Files\Microsoft SQL Server\130\Tools\Binn\;C:\Program Files\Microsoft SQL Server\Client SDK\ODBC\170\Tools\Binn\;C:\Program Files\MySQL\MySQL Utilities 1.6\;C:\Program Files\MySQL\MySQL Server 5.7\bin;C:\Program Files (x86)\Microsoft SQL Server\100\Tools\Binn\;C:\Program Files\Microsoft SQL Server\100\Tools\Binn\;C:\Program Files\Microsoft SQL Server\100\DTS\Binn\;C:\Program Files (x86)\Microsoft SQL Server\100\Tools\Binn\VSShell\Common7\IDE\;C:\Program Files (x86)\Microsoft Visual Studio 9.0\Common7\IDE\PrivateAssemblies\;C:\Program Files (x86)\Microsoft SQL Server\100\DTS\Binn\;C:\Program Files\dotnet\;C:\Program Files (x86)\NVIDIA Corporation\PhysX\Common;C:\Program Files\NVIDIA Corporation\Nsight Compute 2020.3.0\;D:\consul;D:\python\Scripts\;D:\python\;C:\Users\26480\AppData\Local\Microsoft\WindowsApps
USERNAME=26480
OS=Windows_NT
PROCESSOR_IDENTIFIER=Intel64 Family 6 Model 158 Stepping 9, GenuineIntel



---------------  S Y S T E M  ---------------

OS: Windows 10.0 , 64 bit Build 18362 (10.0.18362.1316)

CPU:total 8 (4 cores per cpu, 2 threads per core) family 6 model 158 stepping 9, cmov, cx8, fxsr, mmx, sse, sse2, sse3, ssse3, sse4.1, sse4.2, popcnt, avx, avx2, aes, clmul, erms, 3dnowpref, lzcnt, ht, tsc, tscinvbit, bmi1, bmi2, adx

Memory: 4k page, physical 8275020k(1731456k free), swap 18236492k(5416688k free)

vm_info: Java HotSpot(TM) 64-Bit Server VM (25.102-b14) for windows-amd64 JRE (1.8.0_102-b14), built on Jun 22 2016 13:15:21 by "java_re" with MS VC++ 10.0 (VS2010)

time: Thu Jan 28 16:32:22 2021
elapsed time: 111 seconds (0d 0h 1m 51s)

